
> next-template@0.1.0 build C:\Users\Projects\thesis-ai-fresh
> next build

[baseline-browser-mapping] The data in this module is over two months old.  To ensure accurate Baseline data, please update: `npm i baseline-browser-mapping@latest -D`
   ▲ Next.js 16.0.5 (Turbopack)
   - Environments: .env.local
   - Experiments (use with caution):
     · clientTraceMetadata
     ✓ optimizeCss
     · optimizePackageImports

 ⚠ The "middleware" file convention is deprecated. Please use "proxy" instead. Learn more: https://nextjs.org/docs/messages/middleware-to-proxy
   Creating an optimized production build ...
[baseline-browser-mapping] The data in this module is over two months old.  To ensure accurate Baseline data, please update: `npm i baseline-browser-mapping@latest -D`
 ✓ Compiled successfully in 62s
   Running next.config.js provided runAfterProductionCompile ...
 ✓ Completed runAfterProductionCompile in 1482ms
   Running TypeScript ...
Failed to compile.

./src/components/novel-editor-with-novel.tsx:107:32
Type error: Block-scoped variable 'getDefaultTemplate' used before its declaration.

[0m [90m 105 |[39m       })[33m,[39m
 [90m 106 |[39m     ][33m,[39m
[31m[1m>[22m[39m[90m 107 |[39m     content[33m:[39m initialContent [33m||[39m getDefaultTemplate()[33m,[39m
 [90m     |[39m                                [31m[1m^[22m[39m
 [90m 108 |[39m     editable[33m:[39m [33m![39misReadOnly[33m,[39m
 [90m 109 |[39m     editorProps[33m:[39m {
 [90m 110 |[39m       attributes[33m:[39m {[0m
Next.js build worker exited with code: 1 and signal: null
 ELIFECYCLE  Command failed with exit code 1.
