
> next-template@0.1.0 build C:\Users\Projects\thesis-ai
> next build

[baseline-browser-mapping] The data in this module is over two months old.  To ensure accurate Baseline data, please update: `npm i baseline-browser-mapping@latest -D`
   ▲ Next.js 16.0.5 (Turbopack)
   - Environments: .env.local, .env
   - Experiments (use with caution):
     · clientTraceMetadata
     ✓ optimizeCss
     · optimizePackageImports

 ⚠ The "middleware" file convention is deprecated. Please use "proxy" instead. Learn more: https://nextjs.org/docs/messages/middleware-to-proxy
   Creating an optimized production build ...
[baseline-browser-mapping] The data in this module is over two months old.  To ensure accurate Baseline data, please update: `npm i baseline-browser-mapping@latest -D`
Turbopack build encountered 3 warnings:
./node_modules/.pnpm/@opentelemetry+instrumentat_6afa3aa63a1ee1e91372360a2d45582d/node_modules/@opentelemetry/instrumentation/build/esm/platform/node
Package import-in-the-middle can't be external
The request import-in-the-middle matches serverExternalPackages (or the default list).
The request could not be resolved by Node.js from the project directory.
Packages that should be external need to be installed in the project directory, so they can be resolved from the output files.
Try to install it into the project directory by running npm install import-in-the-middle from the project directory.


./node_modules/.pnpm/@sentry+node-core@10.27.0_@_62248f89c2d022bbab885c4a52bb757f/node_modules/@sentry/node-core/build/cjs/sdk
Package import-in-the-middle can't be external
The request import-in-the-middle matches serverExternalPackages (or the default list).
The request could not be resolved by Node.js from the project directory.
Packages that should be external need to be installed in the project directory, so they can be resolved from the output files.
Try to install it into the project directory by running npm install import-in-the-middle from the project directory.


./node_modules/.pnpm/@opentelemetry+instrumentat_6afa3aa63a1ee1e91372360a2d45582d/node_modules/@opentelemetry/instrumentation/build/esm/platform/node
Package require-in-the-middle can't be external
The request require-in-the-middle matches serverExternalPackages (or the default list).
The request could not be resolved by Node.js from the project directory.
Packages that should be external need to be installed in the project directory, so they can be resolved from the output files.
Try to install it into the project directory by running npm install require-in-the-middle from the project directory.


 ✓ Compiled successfully in 64s
   Running next.config.js provided runAfterProductionCompile ...
 ✓ Completed runAfterProductionCompile in 1332ms
   Running TypeScript ...
Failed to compile.

./src/lib/puter-ai-search.ts:84:9
Type error: Object literal may only specify known properties, and 'filters' does not exist in type '{ maxResults?: number | undefined; timeout?: number | undefined; sourcesOnly?: string[] | undefined; }'.

[0m [90m 82 |[39m         timeout[33m:[39m [35m30000[39m[33m,[39m
 [90m 83 |[39m         sourcesOnly[33m:[39m testMode [33m?[39m [[32m'crossref'[39m] [33m:[39m [][33m,[39m
[31m[1m>[22m[39m[90m 84 |[39m         filters[33m,[39m
 [90m    |[39m         [31m[1m^[22m[39m
 [90m 85 |[39m       })[33m;[39m
 [90m 86 |[39m
 [90m 87 |[39m       console[33m.[39mlog([32m`[PuterAI] Search completed. Found ${result.papers.length} papers`[39m)[33m;[39m[0m
Next.js build worker exited with code: 1 and signal: null
 ELIFECYCLE  Command failed with exit code 1.
